Using pre-set license
Built from '2020.3/staging' branch; Version is '2020.3.22f1 (e1a7f79fd887) revision 14788599'; Using compiler version '192528614'; Build Type 'Release'
OS: 'Windows 10 Pro; OS build 22000.434; Version 2009; 64bit' Language: 'en' Physical Memory: 16198 MB
BatchMode: 1, IsHumanControllingUs: 0, StartBugReporterOnCrash: 0, Is64bit: 1, IsPro: 0

COMMAND LINE ARGUMENTS:
C:\Program Files\Unity\Hub\Editor\2020.3.22f1\Editor\Unity.exe
-adb2
-batchMode
-noUpm
-name
AssetImportWorker0
-projectPath
C:/Users/Leo/Documents/GitHub/Cube-World-2/Cube World 2
-logFile
Logs/AssetImportWorker0.log
-srvPort
50092
Successfully changed project path to: C:/Users/Leo/Documents/GitHub/Cube-World-2/Cube World 2
C:/Users/Leo/Documents/GitHub/Cube-World-2/Cube World 2
Using Asset Import Pipeline V2.
Refreshing native plugins compatible for Editor in 73.76 ms, found 2 plugins.
Preloading 0 native plugins for Editor in 0.00 ms.
Initialize engine version: 2020.3.22f1 (e1a7f79fd887)
[Subsystems] Discovering subsystems at path C:/Program Files/Unity/Hub/Editor/2020.3.22f1/Editor/Data/Resources/UnitySubsystems
[Subsystems] Discovering subsystems at path C:/Users/Leo/Documents/GitHub/Cube-World-2/Cube World 2/Assets
GfxDevice: creating device client; threaded=0
Direct3D:
    Version:  Direct3D 11.0 [level 11.1]
    Renderer: Radeon (TM) RX 550X (ID=0x699f)
    Vendor:   
    VRAM:     2029 MB
    Driver:   30.0.13023.1012
Initialize mono
Mono path[0] = 'C:/Program Files/Unity/Hub/Editor/2020.3.22f1/Editor/Data/Managed'
Mono path[1] = 'C:/Program Files/Unity/Hub/Editor/2020.3.22f1/Editor/Data/MonoBleedingEdge/lib/mono/unityjit'
Mono config path = 'C:/Program Files/Unity/Hub/Editor/2020.3.22f1/Editor/Data/MonoBleedingEdge/etc'
Using monoOptions --debugger-agent=transport=dt_socket,embedding=1,server=y,suspend=n,address=127.0.0.1:56860
Begin MonoManager ReloadAssembly
Registering precompiled unity dll's ...
Register platform support module: C:/Program Files/Unity/Hub/Editor/2020.3.22f1/Editor/Data/PlaybackEngines/WebGLSupport/UnityEditor.WebGL.Extensions.dll
Register platform support module: C:/Program Files/Unity/Hub/Editor/2020.3.22f1/Editor/Data/PlaybackEngines/WindowsStandaloneSupport/UnityEditor.WindowsStandalone.Extensions.dll
Registered in 0.003063 seconds.
Native extension for WindowsStandalone target not found
Native extension for WebGL target not found
Refreshing native plugins compatible for Editor in 63.40 ms, found 2 plugins.
Preloading 0 native plugins for Editor in 0.00 ms.
Mono: successfully reloaded assembly
- Completed reload, in  4.191 seconds
Domain Reload Profiling:
	ReloadAssembly (4191ms)
		BeginReloadAssembly (102ms)
			ExecutionOrderSort (0ms)
			DisableScriptedObjects (0ms)
			BackupInstance (0ms)
			ReleaseScriptingObjects (0ms)
			CreateAndSetChildDomain (2ms)
		EndReloadAssembly (792ms)
			LoadAssemblies (97ms)
			RebuildTransferFunctionScriptingTraits (0ms)
			SetupTypeCache (272ms)
			ReleaseScriptCaches (0ms)
			RebuildScriptCaches (50ms)
			SetupLoadedEditorAssemblies (275ms)
				LogAssemblyErrors (0ms)
				InitializePlatformSupportModulesInManaged (8ms)
				SetLoadedEditorAssemblies (0ms)
				RefreshPlugins (64ms)
				BeforeProcessingInitializeOnLoad (28ms)
				ProcessInitializeOnLoadAttributes (129ms)
				ProcessInitializeOnLoadMethodAttributes (46ms)
				AfterProcessingInitializeOnLoad (0ms)
				EditorAssembliesLoaded (0ms)
			ExecutionOrderSort2 (0ms)
			AwakeInstancesAfterBackupRestoration (0ms)
Platform modules already initialized, skipping
Registering precompiled user dll's ...
Registered in 0.011066 seconds.
Begin MonoManager ReloadAssembly
Native extension for WindowsStandalone target not found
Native extension for WebGL target not found
Refreshing native plugins compatible for Editor in 0.59 ms, found 2 plugins.
Preloading 0 native plugins for Editor in 0.00 ms.
Mono: successfully reloaded assembly
- Completed reload, in  1.761 seconds
Domain Reload Profiling:
	ReloadAssembly (1762ms)
		BeginReloadAssembly (244ms)
			ExecutionOrderSort (0ms)
			DisableScriptedObjects (9ms)
			BackupInstance (0ms)
			ReleaseScriptingObjects (0ms)
			CreateAndSetChildDomain (30ms)
		EndReloadAssembly (1409ms)
			LoadAssemblies (143ms)
			RebuildTransferFunctionScriptingTraits (0ms)
			SetupTypeCache (505ms)
			ReleaseScriptCaches (1ms)
			RebuildScriptCaches (79ms)
			SetupLoadedEditorAssemblies (510ms)
				LogAssemblyErrors (0ms)
				InitializePlatformSupportModulesInManaged (10ms)
				SetLoadedEditorAssemblies (1ms)
				RefreshPlugins (1ms)
				BeforeProcessingInitializeOnLoad (127ms)
				ProcessInitializeOnLoadAttributes (345ms)
				ProcessInitializeOnLoadMethodAttributes (16ms)
				AfterProcessingInitializeOnLoad (10ms)
				EditorAssembliesLoaded (0ms)
			ExecutionOrderSort2 (0ms)
			AwakeInstancesAfterBackupRestoration (10ms)
Platform modules already initialized, skipping
========================================================================
Worker process is ready to serve import requests
Launched and connected shader compiler UnityShaderCompiler.exe after 0.07 seconds
Refreshing native plugins compatible for Editor in 0.53 ms, found 2 plugins.
Preloading 0 native plugins for Editor in 0.00 ms.
Unloading 1728 Unused Serialized files (Serialized files now loaded: 0)
System memory in use before: 77.5 MB.
System memory in use after: 77.6 MB.

Unloading 25 unused Assets to reduce memory usage. Loaded Objects now: 2156.
Total: 4.326000 ms (FindLiveObjects: 0.229800 ms CreateObjectMapping: 0.080700 ms MarkObjects: 3.932800 ms  DeleteObjects: 0.081600 ms)

AssetImportParameters requested are different than current active one (requested -> active):
  custom:framework-win-MediaFoundation: 216162199b28c13a410421893ffa2e32 -> 
  custom:video-decoder-ogg-theora: a1e56fd34408186e4bbccfd4996cb3dc -> 
  custom:container-muxer-webm: aa71ff27fc2769a1b78a27578f13a17b -> 
  custom:container-demuxer-webm: 4f35f7cbe854078d1ac9338744f61a02 -> 
  custom:container-demuxer-ogg: 62fdf1f143b41e24485cea50d1cbac27 -> 
  custom:video-encoder-webm-vp8: eb34c28f22e8b96e1ab97ce403110664 -> 
  custom:video-codec-MediaFoundation-h265: 746d11721c4dcdbdad8f713fa42b33f4 -> 
  custom:video-decoder-webm-vp8: 9c59270c3fd7afecdb556c50c9e8de78 -> 
  custom:audio-decoder-ogg-vorbis: bf7c407c2cedff20999df2af8eb42d56 -> 
  custom:audio-encoder-webm-vorbis: bf7c407c2cedff20999df2af8eb42d56 -> 
========================================================================
Received Import Request.
  path: Assets/Sprites/gamemodebg.png
  artifactKey: Guid(0c9442df81eaea440a3a8006be1510e7) Importer(815301076,1909f56bfc062723c751e8b465ee728b)
Start importing Assets/Sprites/gamemodebg.png using Guid(0c9442df81eaea440a3a8006be1510e7) Importer(815301076,1909f56bfc062723c751e8b465ee728b)  -> (artifact id: '81a4acff47613ada7a0c0384af7aedc6') in 0.112005 seconds 
  Import took 0.115715 seconds .

========================================================================
Received Import Request.
  Time since last request: 22.358975 seconds.
  path: Assets/Sprites/gamemodebg.png
  artifactKey: Guid(0c9442df81eaea440a3a8006be1510e7) Importer(815301076,1909f56bfc062723c751e8b465ee728b)
Start importing Assets/Sprites/gamemodebg.png using Guid(0c9442df81eaea440a3a8006be1510e7) Importer(815301076,1909f56bfc062723c751e8b465ee728b)  -> (artifact id: '41bac460e16ce343c887ddf067493911') in 0.096905 seconds 
  Import took 0.101127 seconds .

========================================================================
Received Import Request.
  Time since last request: 137.474579 seconds.
  path: Assets/Scenes/Home.unity
  artifactKey: Guid(6e3821fa38fb63947ae06ac18a1435d1) Importer(815301076,1909f56bfc062723c751e8b465ee728b)
Start importing Assets/Scenes/Home.unity using Guid(6e3821fa38fb63947ae06ac18a1435d1) Importer(815301076,1909f56bfc062723c751e8b465ee728b)  -> (artifact id: 'fbefbd73f55c08e1da9634ececa491e6') in 0.007177 seconds 
  Import took 0.012553 seconds .

========================================================================
Received Prepare
Registering precompiled user dll's ...
Registered in 0.014331 seconds.
Begin MonoManager ReloadAssembly
Native extension for WindowsStandalone target not found
Native extension for WebGL target not found
Refreshing native plugins compatible for Editor in 0.69 ms, found 2 plugins.
Preloading 0 native plugins for Editor in 0.00 ms.
Mono: successfully reloaded assembly
- Completed reload, in  2.067 seconds
Domain Reload Profiling:
	ReloadAssembly (2069ms)
		BeginReloadAssembly (228ms)
			ExecutionOrderSort (0ms)
			DisableScriptedObjects (15ms)
			BackupInstance (0ms)
			ReleaseScriptingObjects (0ms)
			CreateAndSetChildDomain (66ms)
		EndReloadAssembly (1716ms)
			LoadAssemblies (181ms)
			RebuildTransferFunctionScriptingTraits (0ms)
			SetupTypeCache (575ms)
			ReleaseScriptCaches (1ms)
			RebuildScriptCaches (80ms)
			SetupLoadedEditorAssemblies (674ms)
				LogAssemblyErrors (0ms)
				InitializePlatformSupportModulesInManaged (14ms)
				SetLoadedEditorAssemblies (1ms)
				RefreshPlugins (1ms)
				BeforeProcessingInitializeOnLoad (165ms)
				ProcessInitializeOnLoadAttributes (459ms)
				ProcessInitializeOnLoadMethodAttributes (20ms)
				AfterProcessingInitializeOnLoad (14ms)
				EditorAssembliesLoaded (1ms)
			ExecutionOrderSort2 (0ms)
			AwakeInstancesAfterBackupRestoration (14ms)
Platform modules already initialized, skipping
Refreshing native plugins compatible for Editor in 0.68 ms, found 2 plugins.
Preloading 0 native plugins for Editor in 0.00 ms.
Unloading 1708 Unused Serialized files (Serialized files now loaded: 0)
System memory in use before: 79.0 MB.
System memory in use after: 79.1 MB.

Unloading 19 unused Assets to reduce memory usage. Loaded Objects now: 2166.
Total: 7.146600 ms (FindLiveObjects: 0.318700 ms CreateObjectMapping: 0.118400 ms MarkObjects: 6.629400 ms  DeleteObjects: 0.076200 ms)

AssetImportParameters requested are different than current active one (requested -> active):
  custom:framework-win-MediaFoundation: 216162199b28c13a410421893ffa2e32 -> 
  custom:video-decoder-ogg-theora: a1e56fd34408186e4bbccfd4996cb3dc -> 
  custom:container-muxer-webm: aa71ff27fc2769a1b78a27578f13a17b -> 
  custom:container-demuxer-webm: 4f35f7cbe854078d1ac9338744f61a02 -> 
  custom:container-demuxer-ogg: 62fdf1f143b41e24485cea50d1cbac27 -> 
  custom:video-encoder-webm-vp8: eb34c28f22e8b96e1ab97ce403110664 -> 
  custom:video-codec-MediaFoundation-h265: 746d11721c4dcdbdad8f713fa42b33f4 -> 
  custom:video-decoder-webm-vp8: 9c59270c3fd7afecdb556c50c9e8de78 -> 
  custom:audio-decoder-ogg-vorbis: bf7c407c2cedff20999df2af8eb42d56 -> 
  custom:audio-encoder-webm-vorbis: bf7c407c2cedff20999df2af8eb42d56 -> 
========================================================================
Received Prepare
Registering precompiled user dll's ...
Registered in 0.016657 seconds.
Begin MonoManager ReloadAssembly
Native extension for WindowsStandalone target not found
Native extension for WebGL target not found
Refreshing native plugins compatible for Editor in 1.39 ms, found 2 plugins.
Preloading 0 native plugins for Editor in 0.00 ms.
Mono: successfully reloaded assembly
- Completed reload, in  2.866 seconds
Domain Reload Profiling:
	ReloadAssembly (2867ms)
		BeginReloadAssembly (202ms)
			ExecutionOrderSort (0ms)
			DisableScriptedObjects (11ms)
			BackupInstance (0ms)
			ReleaseScriptingObjects (0ms)
			CreateAndSetChildDomain (64ms)
		EndReloadAssembly (2532ms)
			LoadAssemblies (194ms)
			RebuildTransferFunctionScriptingTraits (0ms)
			SetupTypeCache (727ms)
			ReleaseScriptCaches (1ms)
			RebuildScriptCaches (71ms)
			SetupLoadedEditorAssemblies (1288ms)
				LogAssemblyErrors (0ms)
				InitializePlatformSupportModulesInManaged (13ms)
				SetLoadedEditorAssemblies (1ms)
				RefreshPlugins (2ms)
				BeforeProcessingInitializeOnLoad (150ms)
				ProcessInitializeOnLoadAttributes (1069ms)
				ProcessInitializeOnLoadMethodAttributes (29ms)
				AfterProcessingInitializeOnLoad (24ms)
				EditorAssembliesLoaded (1ms)
			ExecutionOrderSort2 (0ms)
			AwakeInstancesAfterBackupRestoration (15ms)
Platform modules already initialized, skipping
Refreshing native plugins compatible for Editor in 0.64 ms, found 2 plugins.
Preloading 0 native plugins for Editor in 0.00 ms.
Unloading 1708 Unused Serialized files (Serialized files now loaded: 0)
System memory in use before: 79.1 MB.
System memory in use after: 79.2 MB.

Unloading 19 unused Assets to reduce memory usage. Loaded Objects now: 2169.
Total: 8.821300 ms (FindLiveObjects: 0.460300 ms CreateObjectMapping: 0.154100 ms MarkObjects: 8.139300 ms  DeleteObjects: 0.065200 ms)

AssetImportParameters requested are different than current active one (requested -> active):
  custom:framework-win-MediaFoundation: 216162199b28c13a410421893ffa2e32 -> 
  custom:video-decoder-ogg-theora: a1e56fd34408186e4bbccfd4996cb3dc -> 
  custom:container-muxer-webm: aa71ff27fc2769a1b78a27578f13a17b -> 
  custom:container-demuxer-webm: 4f35f7cbe854078d1ac9338744f61a02 -> 
  custom:container-demuxer-ogg: 62fdf1f143b41e24485cea50d1cbac27 -> 
  custom:video-encoder-webm-vp8: eb34c28f22e8b96e1ab97ce403110664 -> 
  custom:video-codec-MediaFoundation-h265: 746d11721c4dcdbdad8f713fa42b33f4 -> 
  custom:video-decoder-webm-vp8: 9c59270c3fd7afecdb556c50c9e8de78 -> 
  custom:audio-decoder-ogg-vorbis: bf7c407c2cedff20999df2af8eb42d56 -> 
  custom:audio-encoder-webm-vorbis: bf7c407c2cedff20999df2af8eb42d56 -> 
========================================================================
Received Import Request.
  Time since last request: 362.616745 seconds.
  path: Assets/Sprites/creategame.png
  artifactKey: Guid(b7f527fe96cc3904a9316e936ea3fc60) Importer(815301076,1909f56bfc062723c751e8b465ee728b)
Start importing Assets/Sprites/creategame.png using Guid(b7f527fe96cc3904a9316e936ea3fc60) Importer(815301076,1909f56bfc062723c751e8b465ee728b)  -> (artifact id: '63edf0cbe12cd4200daa173db5e26574') in 0.065811 seconds 
  Import took 0.070809 seconds .

========================================================================
Received Import Request.
  Time since last request: 11.437607 seconds.
  path: Assets/Sprites/creategame.png
  artifactKey: Guid(b7f527fe96cc3904a9316e936ea3fc60) Importer(815301076,1909f56bfc062723c751e8b465ee728b)
Start importing Assets/Sprites/creategame.png using Guid(b7f527fe96cc3904a9316e936ea3fc60) Importer(815301076,1909f56bfc062723c751e8b465ee728b)  -> (artifact id: 'beb52890c772e431aa6a1fbb875aca17') in 0.051578 seconds 
  Import took 0.056725 seconds .

========================================================================
Received Import Request.
  Time since last request: 124.209884 seconds.
  path: Assets/Sprites/creategame 1.png
  artifactKey: Guid(52f516518cf2ee741aab01387221a739) Importer(815301076,1909f56bfc062723c751e8b465ee728b)
Start importing Assets/Sprites/creategame 1.png using Guid(52f516518cf2ee741aab01387221a739) Importer(815301076,1909f56bfc062723c751e8b465ee728b)  -> (artifact id: '56a65c585f1a4f0f7e799434be09af25') in 0.015795 seconds 
  Import took 0.020715 seconds .

========================================================================
Received Import Request.
  Time since last request: 12.940265 seconds.
  path: Assets/Sprites/creategame 1.png
  artifactKey: Guid(52f516518cf2ee741aab01387221a739) Importer(815301076,1909f56bfc062723c751e8b465ee728b)
Start importing Assets/Sprites/creategame 1.png using Guid(52f516518cf2ee741aab01387221a739) Importer(815301076,1909f56bfc062723c751e8b465ee728b)  -> (artifact id: '924a43e8bcee7b4c08d41a67d9421a22') in 0.022577 seconds 
  Import took 0.028082 seconds .

========================================================================
Received Import Request.
  Time since last request: 201.193220 seconds.
  path: Assets/Sprites/creategame.png
  artifactKey: Guid(b7f527fe96cc3904a9316e936ea3fc60) Importer(815301076,1909f56bfc062723c751e8b465ee728b)
Start importing Assets/Sprites/creategame.png using Guid(b7f527fe96cc3904a9316e936ea3fc60) Importer(815301076,1909f56bfc062723c751e8b465ee728b)  -> (artifact id: '52bc2839f4c57c9d20ee2593c526e482') in 0.020849 seconds 
  Import took 0.025152 seconds .

========================================================================
Received Import Request.
  Time since last request: 7.305459 seconds.
  path: Assets/Sprites/creategame.png
  artifactKey: Guid(b7f527fe96cc3904a9316e936ea3fc60) Importer(815301076,1909f56bfc062723c751e8b465ee728b)
Start importing Assets/Sprites/creategame.png using Guid(b7f527fe96cc3904a9316e936ea3fc60) Importer(815301076,1909f56bfc062723c751e8b465ee728b)  -> (artifact id: 'ca536e5cc8f5ceb6f6928107c22dbbe8') in 0.022634 seconds 
  Import took 0.026814 seconds .

========================================================================
Received Import Request.
  Time since last request: 56.452850 seconds.
  path: Assets/Sprites/joingame.png
  artifactKey: Guid(e8e3a36cefedb0f459621075feae3f88) Importer(815301076,1909f56bfc062723c751e8b465ee728b)
Start importing Assets/Sprites/joingame.png using Guid(e8e3a36cefedb0f459621075feae3f88) Importer(815301076,1909f56bfc062723c751e8b465ee728b)  -> (artifact id: 'c64a6d7808a6cc3ddda23d05e225f036') in 0.021945 seconds 
  Import took 0.026847 seconds .

========================================================================
Received Import Request.
  Time since last request: 6.600348 seconds.
  path: Assets/Sprites/joingame.png
  artifactKey: Guid(e8e3a36cefedb0f459621075feae3f88) Importer(815301076,1909f56bfc062723c751e8b465ee728b)
Start importing Assets/Sprites/joingame.png using Guid(e8e3a36cefedb0f459621075feae3f88) Importer(815301076,1909f56bfc062723c751e8b465ee728b)  -> (artifact id: '4af0150eb30c1868c8f491f5c23740bd') in 0.027221 seconds 
  Import took 0.030942 seconds .

========================================================================
Received Import Request.
  Time since last request: 116.623162 seconds.
  path: Assets/Sprites/cubeditor.png
  artifactKey: Guid(e781d2b3985747740bd8054de46bce21) Importer(815301076,1909f56bfc062723c751e8b465ee728b)
Start importing Assets/Sprites/cubeditor.png using Guid(e781d2b3985747740bd8054de46bce21) Importer(815301076,1909f56bfc062723c751e8b465ee728b)  -> (artifact id: '43dbbe072c84ce78e1fe61c58bcdde90') in 0.027092 seconds 
  Import took 0.030655 seconds .

========================================================================
Received Import Request.
  Time since last request: 6.078888 seconds.
  path: Assets/Sprites/cubeditor.png
  artifactKey: Guid(e781d2b3985747740bd8054de46bce21) Importer(815301076,1909f56bfc062723c751e8b465ee728b)
Start importing Assets/Sprites/cubeditor.png using Guid(e781d2b3985747740bd8054de46bce21) Importer(815301076,1909f56bfc062723c751e8b465ee728b)  -> (artifact id: 'e8001fdc48015ca354e6cebaf91bb6b6') in 0.032297 seconds 
  Import took 0.036428 seconds .

========================================================================
Received Import Request.
  Time since last request: 31.093107 seconds.
  path: Assets/Sprites/cubeditor 1.png
  artifactKey: Guid(6901b244117582e4e92c00e62f0bc76c) Importer(815301076,1909f56bfc062723c751e8b465ee728b)
Start importing Assets/Sprites/cubeditor 1.png using Guid(6901b244117582e4e92c00e62f0bc76c) Importer(815301076,1909f56bfc062723c751e8b465ee728b)  -> (artifact id: '2947b27d921a4284df2434d988a37803') in 0.024699 seconds 
  Import took 0.030071 seconds .

========================================================================
Received Import Request.
  Time since last request: 22.050965 seconds.
  path: Assets/Sprites/cubeditor 1.png
  artifactKey: Guid(6901b244117582e4e92c00e62f0bc76c) Importer(815301076,1909f56bfc062723c751e8b465ee728b)
Start importing Assets/Sprites/cubeditor 1.png using Guid(6901b244117582e4e92c00e62f0bc76c) Importer(815301076,1909f56bfc062723c751e8b465ee728b)  -> (artifact id: 'ad48869f980e7d0ed5a12c640d77299b') in 0.028068 seconds 
  Import took 0.032257 seconds .

========================================================================
Received Import Request.
  Time since last request: 75.454354 seconds.
  path: Assets/Sprites/cubeditor.png
  artifactKey: Guid(e781d2b3985747740bd8054de46bce21) Importer(815301076,1909f56bfc062723c751e8b465ee728b)
Start importing Assets/Sprites/cubeditor.png using Guid(e781d2b3985747740bd8054de46bce21) Importer(815301076,1909f56bfc062723c751e8b465ee728b)  -> (artifact id: 'fa75e12d552a034e8470f82fc9bb8571') in 0.017489 seconds 
  Import took 0.021919 seconds .

========================================================================
Received Import Request.
  Time since last request: 6.087876 seconds.
  path: Assets/Sprites/cubeditor.png
  artifactKey: Guid(e781d2b3985747740bd8054de46bce21) Importer(815301076,1909f56bfc062723c751e8b465ee728b)
Start importing Assets/Sprites/cubeditor.png using Guid(e781d2b3985747740bd8054de46bce21) Importer(815301076,1909f56bfc062723c751e8b465ee728b)  -> (artifact id: '4990373070dc93c43cc24288f5ecb07d') in 0.027508 seconds 
  Import took 0.031867 seconds .

========================================================================
Received Import Request.
  Time since last request: 112.096822 seconds.
  path: Assets/Sprites/exitgame.png
  artifactKey: Guid(6b02259c87343f84cb81f9e4060bf55a) Importer(815301076,1909f56bfc062723c751e8b465ee728b)
Start importing Assets/Sprites/exitgame.png using Guid(6b02259c87343f84cb81f9e4060bf55a) Importer(815301076,1909f56bfc062723c751e8b465ee728b)  -> (artifact id: 'f04c0cbad874350ec475d1106bdec508') in 0.016483 seconds 
  Import took 0.022021 seconds .

========================================================================
Received Import Request.
  Time since last request: 5.983880 seconds.
  path: Assets/Sprites/exitgame.png
  artifactKey: Guid(6b02259c87343f84cb81f9e4060bf55a) Importer(815301076,1909f56bfc062723c751e8b465ee728b)
Start importing Assets/Sprites/exitgame.png using Guid(6b02259c87343f84cb81f9e4060bf55a) Importer(815301076,1909f56bfc062723c751e8b465ee728b)  -> (artifact id: '2a3411e4960834a1c581066f678848b8') in 0.019328 seconds 
  Import took 0.023905 seconds .

========================================================================
Received Prepare
Registering precompiled user dll's ...
Registered in 0.016919 seconds.
Begin MonoManager ReloadAssembly
Native extension for WindowsStandalone target not found
Native extension for WebGL target not found
Refreshing native plugins compatible for Editor in 0.59 ms, found 2 plugins.
Preloading 0 native plugins for Editor in 0.00 ms.
Mono: successfully reloaded assembly
- Completed reload, in  1.640 seconds
Domain Reload Profiling:
	ReloadAssembly (1641ms)
		BeginReloadAssembly (196ms)
			ExecutionOrderSort (0ms)
			DisableScriptedObjects (7ms)
			BackupInstance (0ms)
			ReleaseScriptingObjects (0ms)
			CreateAndSetChildDomain (64ms)
		EndReloadAssembly (1331ms)
			LoadAssemblies (169ms)
			RebuildTransferFunctionScriptingTraits (0ms)
			SetupTypeCache (484ms)
			ReleaseScriptCaches (1ms)
			RebuildScriptCaches (57ms)
			SetupLoadedEditorAssemblies (455ms)
				LogAssemblyErrors (0ms)
				InitializePlatformSupportModulesInManaged (10ms)
				SetLoadedEditorAssemblies (1ms)
				RefreshPlugins (1ms)
				BeforeProcessingInitializeOnLoad (108ms)
				ProcessInitializeOnLoadAttributes (309ms)
				ProcessInitializeOnLoadMethodAttributes (17ms)
				AfterProcessingInitializeOnLoad (9ms)
				EditorAssembliesLoaded (1ms)
			ExecutionOrderSort2 (0ms)
			AwakeInstancesAfterBackupRestoration (11ms)
Platform modules already initialized, skipping
Refreshing native plugins compatible for Editor in 0.56 ms, found 2 plugins.
Preloading 0 native plugins for Editor in 0.00 ms.
Unloading 1708 Unused Serialized files (Serialized files now loaded: 0)
System memory in use before: 79.1 MB.
System memory in use after: 79.2 MB.

Unloading 19 unused Assets to reduce memory usage. Loaded Objects now: 2186.
Total: 3.875900 ms (FindLiveObjects: 0.217200 ms CreateObjectMapping: 0.064600 ms MarkObjects: 3.568900 ms  DeleteObjects: 0.023900 ms)

AssetImportParameters requested are different than current active one (requested -> active):
  custom:framework-win-MediaFoundation: 216162199b28c13a410421893ffa2e32 -> 
  custom:video-decoder-ogg-theora: a1e56fd34408186e4bbccfd4996cb3dc -> 
  custom:container-muxer-webm: aa71ff27fc2769a1b78a27578f13a17b -> 
  custom:container-demuxer-webm: 4f35f7cbe854078d1ac9338744f61a02 -> 
  custom:container-demuxer-ogg: 62fdf1f143b41e24485cea50d1cbac27 -> 
  custom:video-encoder-webm-vp8: eb34c28f22e8b96e1ab97ce403110664 -> 
  custom:video-codec-MediaFoundation-h265: 746d11721c4dcdbdad8f713fa42b33f4 -> 
  custom:video-decoder-webm-vp8: 9c59270c3fd7afecdb556c50c9e8de78 -> 
  custom:audio-decoder-ogg-vorbis: bf7c407c2cedff20999df2af8eb42d56 -> 
  custom:audio-encoder-webm-vorbis: bf7c407c2cedff20999df2af8eb42d56 -> 
========================================================================
Received Import Request.
  Time since last request: 191.326482 seconds.
  path: Assets/Sprites/cubepile.png
  artifactKey: Guid(43ac751f89f88244592fc1127f61c4d9) Importer(815301076,1909f56bfc062723c751e8b465ee728b)
Start importing Assets/Sprites/cubepile.png using Guid(43ac751f89f88244592fc1127f61c4d9) Importer(815301076,1909f56bfc062723c751e8b465ee728b)  -> (artifact id: '063eddef565f04e388253af1474a99e3') in 0.062701 seconds 
  Import took 0.067609 seconds .

========================================================================
Received Import Request.
  Time since last request: 7.398998 seconds.
  path: Assets/Sprites/cubepile.png
  artifactKey: Guid(43ac751f89f88244592fc1127f61c4d9) Importer(815301076,1909f56bfc062723c751e8b465ee728b)
Start importing Assets/Sprites/cubepile.png using Guid(43ac751f89f88244592fc1127f61c4d9) Importer(815301076,1909f56bfc062723c751e8b465ee728b)  -> (artifact id: 'da6d5e500124c1d388d39ea1a70ce4d5') in 0.046564 seconds 
  Import took 0.052415 seconds .

========================================================================
Received Prepare
Registering precompiled user dll's ...
Registered in 0.016653 seconds.
Begin MonoManager ReloadAssembly
Native extension for WindowsStandalone target not found
Native extension for WebGL target not found
Refreshing native plugins compatible for Editor in 0.60 ms, found 2 plugins.
Preloading 0 native plugins for Editor in 0.00 ms.
Mono: successfully reloaded assembly
- Completed reload, in  1.910 seconds
Domain Reload Profiling:
	ReloadAssembly (1910ms)
		BeginReloadAssembly (172ms)
			ExecutionOrderSort (0ms)
			DisableScriptedObjects (7ms)
			BackupInstance (0ms)
			ReleaseScriptingObjects (0ms)
			CreateAndSetChildDomain (59ms)
		EndReloadAssembly (1618ms)
			LoadAssemblies (158ms)
			RebuildTransferFunctionScriptingTraits (0ms)
			SetupTypeCache (607ms)
			ReleaseScriptCaches (1ms)
			RebuildScriptCaches (70ms)
			SetupLoadedEditorAssemblies (560ms)
				LogAssemblyErrors (0ms)
				InitializePlatformSupportModulesInManaged (11ms)
				SetLoadedEditorAssemblies (1ms)
				RefreshPlugins (1ms)
				BeforeProcessingInitializeOnLoad (139ms)
				ProcessInitializeOnLoadAttributes (378ms)
				ProcessInitializeOnLoadMethodAttributes (18ms)
				AfterProcessingInitializeOnLoad (12ms)
				EditorAssembliesLoaded (0ms)
			ExecutionOrderSort2 (0ms)
			AwakeInstancesAfterBackupRestoration (12ms)
Platform modules already initialized, skipping
Refreshing native plugins compatible for Editor in 0.59 ms, found 2 plugins.
Preloading 0 native plugins for Editor in 0.00 ms.
Unloading 1708 Unused Serialized files (Serialized files now loaded: 0)
System memory in use before: 79.1 MB.
System memory in use after: 79.2 MB.

Unloading 19 unused Assets to reduce memory usage. Loaded Objects now: 2192.
Total: 4.802400 ms (FindLiveObjects: 0.243100 ms CreateObjectMapping: 0.095900 ms MarkObjects: 4.434800 ms  DeleteObjects: 0.027100 ms)

AssetImportParameters requested are different than current active one (requested -> active):
  custom:framework-win-MediaFoundation: 216162199b28c13a410421893ffa2e32 -> 
  custom:video-decoder-ogg-theora: a1e56fd34408186e4bbccfd4996cb3dc -> 
  custom:container-muxer-webm: aa71ff27fc2769a1b78a27578f13a17b -> 
  custom:container-demuxer-webm: 4f35f7cbe854078d1ac9338744f61a02 -> 
  custom:container-demuxer-ogg: 62fdf1f143b41e24485cea50d1cbac27 -> 
  custom:video-encoder-webm-vp8: eb34c28f22e8b96e1ab97ce403110664 -> 
  custom:video-codec-MediaFoundation-h265: 746d11721c4dcdbdad8f713fa42b33f4 -> 
  custom:video-decoder-webm-vp8: 9c59270c3fd7afecdb556c50c9e8de78 -> 
  custom:audio-decoder-ogg-vorbis: bf7c407c2cedff20999df2af8eb42d56 -> 
  custom:audio-encoder-webm-vorbis: bf7c407c2cedff20999df2af8eb42d56 -> 
========================================================================
Received Import Request.
  Time since last request: 213.750660 seconds.
  path: Assets/Scenes/Home.unity
  artifactKey: Guid(6e3821fa38fb63947ae06ac18a1435d1) Importer(815301076,1909f56bfc062723c751e8b465ee728b)
Start importing Assets/Scenes/Home.unity using Guid(6e3821fa38fb63947ae06ac18a1435d1) Importer(815301076,1909f56bfc062723c751e8b465ee728b)  -> (artifact id: 'bfed888c8d11651ea29867b6906acfcb') in 0.019650 seconds 
  Import took 0.024639 seconds .

========================================================================
Received Prepare
Registering precompiled user dll's ...
Registered in 0.015570 seconds.
Begin MonoManager ReloadAssembly
Native extension for WindowsStandalone target not found
Native extension for WebGL target not found
Refreshing native plugins compatible for Editor in 0.61 ms, found 2 plugins.
Preloading 0 native plugins for Editor in 0.00 ms.
Mono: successfully reloaded assembly
- Completed reload, in  1.935 seconds
Domain Reload Profiling:
	ReloadAssembly (1936ms)
		BeginReloadAssembly (197ms)
			ExecutionOrderSort (0ms)
			DisableScriptedObjects (10ms)
			BackupInstance (0ms)
			ReleaseScriptingObjects (0ms)
			CreateAndSetChildDomain (55ms)
		EndReloadAssembly (1579ms)
			LoadAssemblies (184ms)
			RebuildTransferFunctionScriptingTraits (0ms)
			SetupTypeCache (530ms)
			ReleaseScriptCaches (1ms)
			RebuildScriptCaches (92ms)
			SetupLoadedEditorAssemblies (572ms)
				LogAssemblyErrors (0ms)
				InitializePlatformSupportModulesInManaged (10ms)
				SetLoadedEditorAssemblies (1ms)
				RefreshPlugins (1ms)
				BeforeProcessingInitializeOnLoad (141ms)
				ProcessInitializeOnLoadAttributes (387ms)
				ProcessInitializeOnLoadMethodAttributes (19ms)
				AfterProcessingInitializeOnLoad (13ms)
				EditorAssembliesLoaded (0ms)
			ExecutionOrderSort2 (0ms)
			AwakeInstancesAfterBackupRestoration (13ms)
Platform modules already initialized, skipping
Refreshing native plugins compatible for Editor in 0.73 ms, found 2 plugins.
Preloading 0 native plugins for Editor in 0.00 ms.
Unloading 1708 Unused Serialized files (Serialized files now loaded: 0)
System memory in use before: 79.1 MB.
System memory in use after: 79.3 MB.

Unloading 19 unused Assets to reduce memory usage. Loaded Objects now: 2195.
Total: 6.151600 ms (FindLiveObjects: 0.299600 ms CreateObjectMapping: 0.096700 ms MarkObjects: 5.714200 ms  DeleteObjects: 0.039300 ms)

AssetImportParameters requested are different than current active one (requested -> active):
  custom:framework-win-MediaFoundation: 216162199b28c13a410421893ffa2e32 -> 
  custom:video-decoder-ogg-theora: a1e56fd34408186e4bbccfd4996cb3dc -> 
  custom:container-muxer-webm: aa71ff27fc2769a1b78a27578f13a17b -> 
  custom:container-demuxer-webm: 4f35f7cbe854078d1ac9338744f61a02 -> 
  custom:container-demuxer-ogg: 62fdf1f143b41e24485cea50d1cbac27 -> 
  custom:video-encoder-webm-vp8: eb34c28f22e8b96e1ab97ce403110664 -> 
  custom:video-codec-MediaFoundation-h265: 746d11721c4dcdbdad8f713fa42b33f4 -> 
  custom:video-decoder-webm-vp8: 9c59270c3fd7afecdb556c50c9e8de78 -> 
  custom:audio-decoder-ogg-vorbis: bf7c407c2cedff20999df2af8eb42d56 -> 
  custom:audio-encoder-webm-vorbis: bf7c407c2cedff20999df2af8eb42d56 -> 
========================================================================
Received Import Request.
  Time since last request: 130.018172 seconds.
  path: Assets/Scenes/Home.unity
  artifactKey: Guid(6e3821fa38fb63947ae06ac18a1435d1) Importer(815301076,1909f56bfc062723c751e8b465ee728b)
Start importing Assets/Scenes/Home.unity using Guid(6e3821fa38fb63947ae06ac18a1435d1) Importer(815301076,1909f56bfc062723c751e8b465ee728b)  -> (artifact id: 'c2f66e2e6a1f1b5ce79078c852e8fa2b') in 0.019357 seconds 
  Import took 0.023743 seconds .

========================================================================
Received Prepare
Registering precompiled user dll's ...
Registered in 0.014244 seconds.
Begin MonoManager ReloadAssembly
Native extension for WindowsStandalone target not found
Native extension for WebGL target not found
Refreshing native plugins compatible for Editor in 0.68 ms, found 2 plugins.
Preloading 0 native plugins for Editor in 0.00 ms.
Mono: successfully reloaded assembly
- Completed reload, in  1.802 seconds
Domain Reload Profiling:
	ReloadAssembly (1802ms)
		BeginReloadAssembly (183ms)
			ExecutionOrderSort (0ms)
			DisableScriptedObjects (8ms)
			BackupInstance (0ms)
			ReleaseScriptingObjects (0ms)
			CreateAndSetChildDomain (54ms)
		EndReloadAssembly (1490ms)
			LoadAssemblies (165ms)
			RebuildTransferFunctionScriptingTraits (0ms)
			SetupTypeCache (533ms)
			ReleaseScriptCaches (1ms)
			RebuildScriptCaches (85ms)
			SetupLoadedEditorAssemblies (514ms)
				LogAssemblyErrors (0ms)
				InitializePlatformSupportModulesInManaged (11ms)
				SetLoadedEditorAssemblies (1ms)
				RefreshPlugins (1ms)
				BeforeProcessingInitializeOnLoad (137ms)
				ProcessInitializeOnLoadAttributes (334ms)
				ProcessInitializeOnLoadMethodAttributes (18ms)
				AfterProcessingInitializeOnLoad (12ms)
				EditorAssembliesLoaded (0ms)
			ExecutionOrderSort2 (0ms)
			AwakeInstancesAfterBackupRestoration (13ms)
Platform modules already initialized, skipping
Refreshing native plugins compatible for Editor in 0.77 ms, found 2 plugins.
Preloading 0 native plugins for Editor in 0.00 ms.
Unloading 1708 Unused Serialized files (Serialized files now loaded: 0)
System memory in use before: 79.2 MB.
System memory in use after: 79.3 MB.

Unloading 19 unused Assets to reduce memory usage. Loaded Objects now: 2198.
Total: 5.048600 ms (FindLiveObjects: 0.286600 ms CreateObjectMapping: 0.086500 ms MarkObjects: 4.643700 ms  DeleteObjects: 0.030300 ms)

AssetImportParameters requested are different than current active one (requested -> active):
  custom:framework-win-MediaFoundation: 216162199b28c13a410421893ffa2e32 -> 
  custom:video-decoder-ogg-theora: a1e56fd34408186e4bbccfd4996cb3dc -> 
  custom:container-muxer-webm: aa71ff27fc2769a1b78a27578f13a17b -> 
  custom:container-demuxer-webm: 4f35f7cbe854078d1ac9338744f61a02 -> 
  custom:container-demuxer-ogg: 62fdf1f143b41e24485cea50d1cbac27 -> 
  custom:video-encoder-webm-vp8: eb34c28f22e8b96e1ab97ce403110664 -> 
  custom:video-codec-MediaFoundation-h265: 746d11721c4dcdbdad8f713fa42b33f4 -> 
  custom:video-decoder-webm-vp8: 9c59270c3fd7afecdb556c50c9e8de78 -> 
  custom:audio-decoder-ogg-vorbis: bf7c407c2cedff20999df2af8eb42d56 -> 
  custom:audio-encoder-webm-vorbis: bf7c407c2cedff20999df2af8eb42d56 -> 
AssetImportWorkerClient::OnTransportError - code=2 error=End of file
